<?xml version="1.0" encoding="UTF-8"?>
<!-- Generated by org.testng.reporters.JUnitReportReporter -->
<testsuite hostname="DESKTOP-K8HJ363" failures="0" tests="1" name="jenkins_project_tesng.practice" time="14.733" errors="0" timestamp="2020-11-09T11:31:27 IST" skipped="0">
  <testcase classname="jenkins_project_tesng.practice" name="abc" time="14.733"/>
  <system-out/>
</testsuite> <!-- jenkins_project_tesng.practice -->
